[2023-11-07 15:56:32] [INFO]: >>>本次运行环境：live<<<
[2023-11-07 15:56:32] [INFO]: >>>开始执行用例<<<
[2023-11-07 15:56:35] [INFO]: >>>初始化chrome driver<<<
[2023-11-07 15:56:35] [INFO]: >>>窗口最大化<<<
[2023-11-07 15:56:36] [INFO]: >>>访问待测地址：https://www.baidu.com<<<
[2023-11-07 15:56:36] [INFO]: >>>输入要搜索的内容：Image<<<
[2023-11-07 15:56:36] [INFO]: >>>点击<百度一下>按钮<<<
[2023-11-07 15:56:37] [INFO]: >>>点击第3个搜索结果<<<
[2023-11-07 15:56:40] [INFO]: >>>验证搜索内容：Image是否与第3个结果的title相匹配<<<
[2023-11-07 15:56:40] [INFO]: >>>退出浏览器driver<<<
[2023-11-07 15:58:13] [INFO]: >>>本次运行环境：live<<<
[2023-11-07 15:58:13] [INFO]: >>>开始执行用例<<<
[2023-11-07 15:58:15] [INFO]: >>>初始化chrome driver<<<
[2023-11-07 15:58:15] [INFO]: >>>窗口最大化<<<
[2023-11-07 15:58:16] [INFO]: >>>访问待测地址：https://www.baidu.com<<<
[2023-11-07 15:58:16] [INFO]: >>>输入要搜索的内容：Image<<<
[2023-11-07 15:58:16] [INFO]: >>>点击<百度一下>按钮<<<
[2023-11-07 15:58:17] [INFO]: >>>点击第3个搜索结果<<<
[2023-11-07 15:58:20] [INFO]: >>>验证搜索内容：Image是否与第3个结果的title相匹配<<<
[2023-11-07 15:58:20] [INFO]: >>>退出浏览器driver<<<
